<?xml version="1.0" encoding="UTF-8"?>
<testsuite name="Cucumber" time="4.832" tests="1" skipped="0" failures="0" errors="0">
<testcase classname="To test login functionality" name="" time="4.527">
<system-out><![CDATA[
Given user goes to the login page...........................................passed
When user enters username and password......................................passed
And user clicks on the login button.........................................passed
Then user is directed to the homepage.......................................passed
]]></system-out>
</testcase>
</testsuite>
